<?xml version="1.0" encoding="UTF-8"?>
<!-- Generated by org.testng.reporters.JUnitXMLReporter -->
<testsuite ignored="0" hostname="LAPTOP-IINSEAOD" failures="0" tests="1" name="Test" time="0.039" errors="0" timestamp="2022-04-27T07:56:27 EDT">
  <testcase classname="com.ds_Algo.testCases.BaseClass" name="@BeforeClass setup" time="-1.651060587515E9">
    <failure type="org.testng.TestNGException" message="
Parameter &amp;apos;browser&amp;apos; is required by BeforeClass on method setup but has not been marked @Optional or defined
in C:\NumpyProjects\workspace\DS_Algo\testng.xml">
      <![CDATA[org.testng.TestNGException: 
Parameter 'browser' is required by BeforeClass on method setup but has not been marked @Optional or defined
in C:\NumpyProjects\workspace\DS_Algo\testng.xml
at java.base/java.util.ArrayList.forEach(ArrayList.java:1511)
... Removed 22 stack frames]]>
    </failure>
  </testcase> <!-- @BeforeClass setup -->
  <testcase classname="com.ds_Algo.testCases.BaseClass" name="@AfterClass teatdown" time="0.0">
    <skipped/>
  </testcase> <!-- @AfterClass teatdown -->
  <testcase classname="com.ds_Algo.testCases.TC_getstarted" name="getstarted" time="0.001">
    <skipped/>
  </testcase> <!-- getstarted -->
</testsuite> <!-- Test -->
